

Version:	3.12
CmdLine:	C:\Users\Kwizera\Documents\NetBeansProjects\BillingManagementSystem\src\billingmanagementsystem\BillingmanagementSoftware.exe --l4j-debug
WOW64:		yes
Create mutex:	unique
Java min ver:	1.008.000
Java max ver:	
64-bit search:	SOFTWARE\JavaSoft\Java Runtime Environment...
Check:		SOFTWARE\JavaSoft\Java Runtime Environment\1.8
Check launcher:	C:\Program Files\Java\jre1.8.0_261\bin\javaw.exe (OK)
Match:		1.008.000
Check:		SOFTWARE\JavaSoft\Java Runtime Environment\1.8.0_261
Check launcher:	C:\Program Files\Java\jre1.8.0_261\bin\javaw.exe (OK)
Match:		1.008.000_261
64-bit search:	SOFTWARE\JavaSoft\Java Development Kit...
Check:		SOFTWARE\JavaSoft\Java Development Kit\1.8
Ignore:		1.008.000
Check:		SOFTWARE\JavaSoft\Java Development Kit\1.8.0_171
Ignore:		1.008.000_171
64-bit search:	SOFTWARE\JavaSoft\JRE...
64-bit search:	SOFTWARE\JavaSoft\JDK...
Check:		SOFTWARE\JavaSoft\JDK\11.0.6
Check launcher:	C:\Program Files\Java\jdk-11.0.6\bin\javaw.exe (OK)
Match:		1.011.000_006
Runtime used:	1.011.000_006 (64-bit)
Launcher:	C:\Program Files\Java\jdk-11.0.6\bin\javaw.exe
Launcher args:	-jar "C:\Users\Kwizera\Documents\NetBeansProjects\BillingManagementSystem\src\billingmanagementsystem\BillingmanagementSoftware.exe"
Args length:	132/32768 chars
Exit code:	0


Version:	3.12
CmdLine:	C:\Users\Kwizera\Documents\NetBeansProjects\BillingManagementSystem\src\billingmanagementsystem\BillingmanagementSoftware.exe --l4j-debug
WOW64:		yes
Create mutex:	unique
Java min ver:	1.008.000
Java max ver:	
64-bit search:	SOFTWARE\JavaSoft\Java Runtime Environment...
Check:		SOFTWARE\JavaSoft\Java Runtime Environment\1.8
Check launcher:	C:\Program Files\Java\jre1.8.0_261\bin\javaw.exe (OK)
Match:		1.008.000
Check:		SOFTWARE\JavaSoft\Java Runtime Environment\1.8.0_261
Check launcher:	C:\Program Files\Java\jre1.8.0_261\bin\javaw.exe (OK)
Match:		1.008.000_261
64-bit search:	SOFTWARE\JavaSoft\Java Development Kit...
Check:		SOFTWARE\JavaSoft\Java Development Kit\1.8
Ignore:		1.008.000
Check:		SOFTWARE\JavaSoft\Java Development Kit\1.8.0_171
Ignore:		1.008.000_171
64-bit search:	SOFTWARE\JavaSoft\JRE...
64-bit search:	SOFTWARE\JavaSoft\JDK...
Check:		SOFTWARE\JavaSoft\JDK\11.0.6
Check launcher:	C:\Program Files\Java\jdk-11.0.6\bin\javaw.exe (OK)
Match:		1.011.000_006
Runtime used:	1.011.000_006 (64-bit)
Launcher:	C:\Program Files\Java\jdk-11.0.6\bin\javaw.exe
Launcher args:	-jar "C:\Users\Kwizera\Documents\NetBeansProjects\BillingManagementSystem\src\billingmanagementsystem\BillingmanagementSoftware.exe"
Args length:	132/32768 chars
Exit code:	0


Version:	3.12
CmdLine:	C:\Users\Kwizera\Documents\NetBeansProjects\BillingManagementSystem\src\billingmanagementsystem\BillingmanagementSoftware.exe --l4j-debug
WOW64:		yes
Create mutex:	unique
Java min ver:	1.008.000
Java max ver:	
64-bit search:	SOFTWARE\JavaSoft\Java Runtime Environment...
Check:		SOFTWARE\JavaSoft\Java Runtime Environment\1.8
Check launcher:	C:\Program Files\Java\jre1.8.0_261\bin\javaw.exe (OK)
Match:		1.008.000
Check:		SOFTWARE\JavaSoft\Java Runtime Environment\1.8.0_261
Check launcher:	C:\Program Files\Java\jre1.8.0_261\bin\javaw.exe (OK)
Match:		1.008.000_261
64-bit search:	SOFTWARE\JavaSoft\Java Development Kit...
Check:		SOFTWARE\JavaSoft\Java Development Kit\1.8
Ignore:		1.008.000
Check:		SOFTWARE\JavaSoft\Java Development Kit\1.8.0_171
Ignore:		1.008.000_171
64-bit search:	SOFTWARE\JavaSoft\JRE...
64-bit search:	SOFTWARE\JavaSoft\JDK...
Check:		SOFTWARE\JavaSoft\JDK\11.0.6
Check launcher:	C:\Program Files\Java\jdk-11.0.6\bin\javaw.exe (OK)
Match:		1.011.000_006
Runtime used:	1.011.000_006 (64-bit)
Launcher:	C:\Program Files\Java\jdk-11.0.6\bin\javaw.exe
Launcher args:	-jar "C:\Users\Kwizera\Documents\NetBeansProjects\BillingManagementSystem\src\billingmanagementsystem\BillingmanagementSoftware.exe"
Args length:	132/32768 chars
Exit code:	0


Version:	3.12
CmdLine:	C:\Users\Kwizera\Documents\NetBeansProjects\BillingManagementSystem\src\billingmanagementsystem\BillingmanagementSoftware.exe --l4j-debug
WOW64:		yes
Create mutex:	unique
Java min ver:	1.008.000
Java max ver:	
64-bit search:	SOFTWARE\JavaSoft\Java Runtime Environment...
Check:		SOFTWARE\JavaSoft\Java Runtime Environment\1.8
Check launcher:	C:\Program Files\Java\jre1.8.0_261\bin\javaw.exe (OK)
Match:		1.008.000
Check:		SOFTWARE\JavaSoft\Java Runtime Environment\1.8.0_261
Check launcher:	C:\Program Files\Java\jre1.8.0_261\bin\javaw.exe (OK)
Match:		1.008.000_261
64-bit search:	SOFTWARE\JavaSoft\Java Development Kit...
Check:		SOFTWARE\JavaSoft\Java Development Kit\1.8
Ignore:		1.008.000
Check:		SOFTWARE\JavaSoft\Java Development Kit\1.8.0_171
Ignore:		1.008.000_171
64-bit search:	SOFTWARE\JavaSoft\JRE...
64-bit search:	SOFTWARE\JavaSoft\JDK...
Check:		SOFTWARE\JavaSoft\JDK\11.0.6
Check launcher:	C:\Program Files\Java\jdk-11.0.6\bin\javaw.exe (OK)
Match:		1.011.000_006
Runtime used:	1.011.000_006 (64-bit)
Launcher:	C:\Program Files\Java\jdk-11.0.6\bin\javaw.exe
Launcher args:	-jar "C:\Users\Kwizera\Documents\NetBeansProjects\BillingManagementSystem\src\billingmanagementsystem\BillingmanagementSoftware.exe"
Args length:	132/32768 chars
Exit code:	0


Version:	3.12
CmdLine:	C:\Users\Kwizera\Documents\NetBeansProjects\BillingManagementSystem\src\billingmanagementsystem\BillingmanagementSoftware.exe --l4j-debug
WOW64:		yes
Create mutex:	unique
Java min ver:	1.008.000
Java max ver:	
64-bit search:	SOFTWARE\JavaSoft\Java Runtime Environment...
Check:		SOFTWARE\JavaSoft\Java Runtime Environment\1.8
Check launcher:	C:\Program Files\Java\jre1.8.0_261\bin\javaw.exe (OK)
Match:		1.008.000
Check:		SOFTWARE\JavaSoft\Java Runtime Environment\1.8.0_261
Check launcher:	C:\Program Files\Java\jre1.8.0_261\bin\javaw.exe (OK)
Match:		1.008.000_261
64-bit search:	SOFTWARE\JavaSoft\Java Development Kit...
Check:		SOFTWARE\JavaSoft\Java Development Kit\1.8
Ignore:		1.008.000
Check:		SOFTWARE\JavaSoft\Java Development Kit\1.8.0_171
Ignore:		1.008.000_171
64-bit search:	SOFTWARE\JavaSoft\JRE...
64-bit search:	SOFTWARE\JavaSoft\JDK...
Check:		SOFTWARE\JavaSoft\JDK\11.0.6
Check launcher:	C:\Program Files\Java\jdk-11.0.6\bin\javaw.exe (OK)
Match:		1.011.000_006
Runtime used:	1.011.000_006 (64-bit)
Launcher:	C:\Program Files\Java\jdk-11.0.6\bin\javaw.exe
Launcher args:	-jar "C:\Users\Kwizera\Documents\NetBeansProjects\BillingManagementSystem\src\billingmanagementsystem\BillingmanagementSoftware.exe"
Args length:	132/32768 chars
Exit code:	0


Version:	3.12
CmdLine:	C:\Users\Kwizera\Documents\NetBeansProjects\BillingManagementSystem\src\billingmanagementsystem\BillingmanagementSoftware.exe --l4j-debug
WOW64:		yes
Create mutex:	unique
Java min ver:	1.008.000
Java max ver:	
64-bit search:	SOFTWARE\JavaSoft\Java Runtime Environment...
Check:		SOFTWARE\JavaSoft\Java Runtime Environment\1.8
Check launcher:	C:\Program Files\Java\jre1.8.0_261\bin\javaw.exe (OK)
Match:		1.008.000
Check:		SOFTWARE\JavaSoft\Java Runtime Environment\1.8.0_261
Check launcher:	C:\Program Files\Java\jre1.8.0_261\bin\javaw.exe (OK)
Match:		1.008.000_261
64-bit search:	SOFTWARE\JavaSoft\Java Development Kit...
Check:		SOFTWARE\JavaSoft\Java Development Kit\1.8
Ignore:		1.008.000
Check:		SOFTWARE\JavaSoft\Java Development Kit\1.8.0_171
Ignore:		1.008.000_171
64-bit search:	SOFTWARE\JavaSoft\JRE...
64-bit search:	SOFTWARE\JavaSoft\JDK...
Check:		SOFTWARE\JavaSoft\JDK\11.0.6
Check launcher:	C:\Program Files\Java\jdk-11.0.6\bin\javaw.exe (OK)
Match:		1.011.000_006
Runtime used:	1.011.000_006 (64-bit)
Launcher:	C:\Program Files\Java\jdk-11.0.6\bin\javaw.exe
Launcher args:	-jar "C:\Users\Kwizera\Documents\NetBeansProjects\BillingManagementSystem\src\billingmanagementsystem\BillingmanagementSoftware.exe"
Args length:	132/32768 chars
Exit code:	0
